smash> smash> smash> smash> smash> smash> smash> smash> [1] sleep 100& : 16687 0 secs
[2] sleep 200& : 16688 0 secs
[3] sleep 300& : 16691 0 secs
[4] sleep 400& : 16692 0 secs
[5] sleep 20& : 16695 0 secs
[6] sleep 600& : 16696 0 secs
[7] sleep 700& : 16697 0 secs
smash> smash> smash> [1] sleep 100& : 16687 1 secs
[2] sleep 200& : 16688 1 secs
[3] sleep 300& : 16691 1 secs
[4] sleep 400& : 16692 1 secs
[5] sleep 20& : 16695 1 secs
[6] sleep 600& : 16696 1 secs
[7] sleep 700& : 16697 1 secs
[8] sleep 800& : 16698 1 secs
[9] sleep 900& : 16699 0 secs
smash> signal number 9 was sent to pid 16691
smash> [1] sleep 100& : 16687 1 secs
[2] sleep 200& : 16688 1 secs
[4] sleep 400& : 16692 1 secs
[5] sleep 20& : 16695 1 secs
[6] sleep 600& : 16696 1 secs
[7] sleep 700& : 16697 1 secs
[8] sleep 800& : 16698 1 secs
[9] sleep 900& : 16699 0 secs
smash> smash> [1] sleep 100& : 16687 1 secs
[2] sleep 200& : 16688 1 secs
[4] sleep 400& : 16692 1 secs
[5] sleep 20& : 16695 1 secs
[6] sleep 600& : 16696 1 secs
[7] sleep 700& : 16697 1 secs
[8] sleep 800& : 16698 1 secs
[9] sleep 900& : 16699 0 secs
[10] sleep 1000& : 16700 0 secs
smash> signal number 9 was sent to pid 16700
smash> [1] sleep 100& : 16687 1 secs
[2] sleep 200& : 16688 1 secs
[4] sleep 400& : 16692 1 secs
[5] sleep 20& : 16695 1 secs
[6] sleep 600& : 16696 1 secs
[7] sleep 700& : 16697 1 secs
[8] sleep 800& : 16698 1 secs
[9] sleep 900& : 16699 0 secs
smash> smash> [1] sleep 100& : 16687 1 secs
[2] sleep 200& : 16688 1 secs
[4] sleep 400& : 16692 1 secs
[5] sleep 20& : 16695 1 secs
[6] sleep 600& : 16696 1 secs
[7] sleep 700& : 16697 1 secs
[8] sleep 800& : 16698 1 secs
[9] sleep 900& : 16699 0 secs
[10] sleep 1001& : 16701 0 secs
smash> sleep 1001& : 16701
smash: got ctrl-Z
smash: process 16701 was stopped
smash> [1] sleep 100& : 16687 2 secs
[2] sleep 200& : 16688 2 secs
[4] sleep 400& : 16692 2 secs
[5] sleep 20& : 16695 2 secs
[6] sleep 600& : 16696 2 secs
[7] sleep 700& : 16697 2 secs
[8] sleep 800& : 16698 2 secs
[9] sleep 900& : 16699 1 secs
[10] sleep 1001& : 16701 0 secs (stopped)
smash> sleep 1001& : 16701
smash: got ctrl-Z
smash: process 16701 was stopped
smash> [1] sleep 100& : 16687 2 secs
[2] sleep 200& : 16688 2 secs
[4] sleep 400& : 16692 2 secs
[5] sleep 20& : 16695 2 secs
[6] sleep 600& : 16696 2 secs
[7] sleep 700& : 16697 2 secs
[8] sleep 800& : 16698 2 secs
[9] sleep 900& : 16699 1 secs
[10] sleep 1001& : 16701 0 secs (stopped)
smash> sleep 1001& : 16701
smash: got ctrl-Z
smash: process 16701 was stopped
smash> [1] sleep 100& : 16687 2 secs
[2] sleep 200& : 16688 2 secs
[4] sleep 400& : 16692 2 secs
[5] sleep 20& : 16695 2 secs
[6] sleep 600& : 16696 2 secs
[7] sleep 700& : 16697 2 secs
[8] sleep 800& : 16698 2 secs
[9] sleep 900& : 16699 1 secs
[10] sleep 1001& : 16701 0 secs (stopped)
smash> sleep 1001& : 16701
smash: got ctrl-Z
smash: process 16701 was stopped
smash> [1] sleep 100& : 16687 3 secs
[2] sleep 200& : 16688 3 secs
[4] sleep 400& : 16692 3 secs
[5] sleep 20& : 16695 3 secs
[6] sleep 600& : 16696 3 secs
[7] sleep 700& : 16697 3 secs
[8] sleep 800& : 16698 3 secs
[9] sleep 900& : 16699 2 secs
[10] sleep 1001& : 16701 0 secs (stopped)
smash> smash: got ctrl-C
[1] sleep 100& : 16687 3 secs
[2] sleep 200& : 16688 3 secs
[4] sleep 400& : 16692 3 secs
[5] sleep 20& : 16695 3 secs
[6] sleep 600& : 16696 3 secs
[7] sleep 700& : 16697 3 secs
[8] sleep 800& : 16698 3 secs
[9] sleep 900& : 16699 2 secs
[10] sleep 1001& : 16701 0 secs (stopped)
smash> smash: got ctrl-Z
smash: process 16702 was stopped
smash> [1] sleep 100& : 16687 6 secs
[2] sleep 200& : 16688 6 secs
[4] sleep 400& : 16692 6 secs
[5] sleep 20& : 16695 6 secs
[6] sleep 600& : 16696 6 secs
[7] sleep 700& : 16697 6 secs
[8] sleep 800& : 16698 6 secs
[9] sleep 900& : 16699 5 secs
[10] sleep 1001& : 16701 3 secs (stopped)
[11] sleep 1002 : 16702 0 secs (stopped)
smash> sleep 1002 : 16702
smash> [1] sleep 100& : 16687 6 secs
[2] sleep 200& : 16688 6 secs
[4] sleep 400& : 16692 6 secs
[5] sleep 20& : 16695 6 secs
[6] sleep 600& : 16696 6 secs
[7] sleep 700& : 16697 6 secs
[8] sleep 800& : 16698 6 secs
[9] sleep 900& : 16699 5 secs
[10] sleep 1001& : 16701 3 secs (stopped)
[11] sleep 1002 : 16702 0 secs
smash> smash: got ctrl-C
smash: process 16703 was killed
smash> smash> smash: got ctrl-C
smash: got ctrl-C
smash: got ctrl-Z
smash: got ctrl-Z
[1] sleep 100& : 16687 12 secs
[2] sleep 200& : 16688 12 secs
[4] sleep 400& : 16692 12 secs
[5] sleep 20& : 16695 12 secs
[6] sleep 600& : 16696 12 secs
[7] sleep 700& : 16697 12 secs
[8] sleep 800& : 16698 12 secs
[9] sleep 900& : 16699 11 secs
[10] sleep 1001& : 16701 9 secs (stopped)
[11] sleep 1002 : 16702 6 secs
smash> smash: got ctrl-Z
smash: process 16705 was stopped
smash> smash: got ctrl-Z
smash: process 16706 was stopped
smash> smash: got ctrl-Z
smash: process 16707 was stopped
smash> sleep 1100 : 16705
smash: got ctrl-Z
smash: process 16705 was stopped
smash> sleep 1100 : 16705
smash: got ctrl-Z
smash: process 16705 was stopped
smash> sleep 1100 : 16705
smash: got ctrl-Z
smash: process 16705 was stopped
smash> [1] sleep 100& : 16687 14 secs
[2] sleep 200& : 16688 14 secs
[4] sleep 400& : 16692 14 secs
[5] sleep 20& : 16695 14 secs
[6] sleep 600& : 16696 14 secs
[7] sleep 700& : 16697 14 secs
[8] sleep 800& : 16698 14 secs
[9] sleep 900& : 16699 13 secs
[10] sleep 1001& : 16701 11 secs (stopped)
[11] sleep 1002 : 16702 8 secs
[12] sleep 1100 : 16705 0 secs (stopped)
[13] sleep 1200 : 16706 1 secs (stopped)
[14] sleep 1200 : 16707 1 secs (stopped)
smash> sleep 1002 : 16702
smash: got ctrl-Z
smash: process 16702 was stopped
smash> sleep 1002 : 16702
smash: got ctrl-C
smash: process 16702 was killed
smash> smash error: fg: job-id 20 does not exist
smash> smash error: fg: job-id 21 does not exist
smash> smash error: fg: job-id -2 does not exist
smash> [1] sleep 100& : 16687 15 secs
[2] sleep 200& : 16688 15 secs
[4] sleep 400& : 16692 15 secs
[5] sleep 20& : 16695 15 secs
[6] sleep 600& : 16696 15 secs
[7] sleep 700& : 16697 15 secs
[8] sleep 800& : 16698 15 secs
[9] sleep 900& : 16699 14 secs
[10] sleep 1001& : 16701 12 secs (stopped)
[12] sleep 1100 : 16705 1 secs (stopped)
[13] sleep 1200 : 16706 2 secs (stopped)
[14] sleep 1200 : 16707 2 secs (stopped)
smash> sleep 1100 : 16705
smash> smash error: bg: job-id 20 does not exist
smash> smash error: bg: job-id -1 does not exist
smash> [1] sleep 100& : 16687 15 secs
[2] sleep 200& : 16688 15 secs
[4] sleep 400& : 16692 15 secs
[5] sleep 20& : 16695 15 secs
[6] sleep 600& : 16696 15 secs
[7] sleep 700& : 16697 15 secs
[8] sleep 800& : 16698 15 secs
[9] sleep 900& : 16699 14 secs
[10] sleep 1001& : 16701 12 secs (stopped)
[12] sleep 1100 : 16705 1 secs
[13] sleep 1200 : 16706 2 secs (stopped)
[14] sleep 1200 : 16707 2 secs (stopped)
smash> smash error: bg: job-id 7 is already running in the background
smash> smash error: bg: job-id 8 is already running in the background
smash> [1] sleep 100& : 16687 15 secs
[2] sleep 200& : 16688 15 secs
[4] sleep 400& : 16692 15 secs
[5] sleep 20& : 16695 15 secs
[6] sleep 600& : 16696 15 secs
[7] sleep 700& : 16697 15 secs
[8] sleep 800& : 16698 15 secs
[9] sleep 900& : 16699 14 secs
[10] sleep 1001& : 16701 12 secs (stopped)
[12] sleep 1100 : 16705 1 secs
[13] sleep 1200 : 16706 2 secs (stopped)
[14] sleep 1200 : 16707 2 secs (stopped)
smash> signal number 9 was sent to pid 16687
smash> smash error: kill: job-id 1 does not exist
smash> [2] sleep 200& : 16688 17 secs
[4] sleep 400& : 16692 17 secs
[5] sleep 20& : 16695 17 secs
[6] sleep 600& : 16696 17 secs
[7] sleep 700& : 16697 17 secs
[8] sleep 800& : 16698 17 secs
[9] sleep 900& : 16699 16 secs
[10] sleep 1001& : 16701 14 secs (stopped)
[12] sleep 1100 : 16705 3 secs
[13] sleep 1200 : 16706 4 secs (stopped)
[14] sleep 1200 : 16707 4 secs (stopped)
smash> signal number 9 was sent to pid 16688
smash> signal number 9 was sent to pid 16692
smash> smash error: fg: job-id 4 does not exist
smash> smash error: bg: job-id 2 does not exist
smash> smash error: fg: job-id 1 does not exist
smash> [5] sleep 20& : 16695 18 secs
[6] sleep 600& : 16696 18 secs
[7] sleep 700& : 16697 18 secs
[8] sleep 800& : 16698 18 secs
[9] sleep 900& : 16699 17 secs
[10] sleep 1001& : 16701 15 secs (stopped)
[12] sleep 1100 : 16705 4 secs
[13] sleep 1200 : 16706 5 secs (stopped)
[14] sleep 1200 : 16707 5 secs (stopped)
smash> smash> [5] sleep 20& : 16695 18 secs
[6] sleep 600& : 16696 18 secs
[7] sleep 700& : 16697 18 secs
[8] sleep 800& : 16698 18 secs
[9] sleep 900& : 16699 17 secs
[10] sleep 1001& : 16701 15 secs (stopped)
[12] sleep 1100 : 16705 4 secs
[13] sleep 1200 : 16706 5 secs (stopped)
[14] sleep 1200 : 16707 5 secs (stopped)
[15] sleep 3& : 16708 0 secs
smash> [6] sleep 600& : 16696 23 secs
[7] sleep 700& : 16697 23 secs
[8] sleep 800& : 16698 23 secs
[9] sleep 900& : 16699 22 secs
[10] sleep 1001& : 16701 20 secs (stopped)
[12] sleep 1100 : 16705 9 secs
[13] sleep 1200 : 16706 10 secs (stopped)
[14] sleep 1200 : 16707 10 secs (stopped)
smash> [6] sleep 600& : 16696 23 secs
[7] sleep 700& : 16697 23 secs
[8] sleep 800& : 16698 23 secs
[9] sleep 900& : 16699 22 secs
[10] sleep 1001& : 16701 20 secs (stopped)
[12] sleep 1100 : 16705 9 secs
[13] sleep 1200 : 16706 10 secs (stopped)
[14] sleep 1200 : 16707 10 secs (stopped)
smash> [6] sleep 600& : 16696 23 secs
[7] sleep 700& : 16697 23 secs
[8] sleep 800& : 16698 23 secs
[9] sleep 900& : 16699 22 secs
[10] sleep 1001& : 16701 20 secs (stopped)
[12] sleep 1100 : 16705 9 secs
[13] sleep 1200 : 16706 10 secs (stopped)
[14] sleep 1200 : 16707 10 secs (stopped)
smash> [6] sleep 600& : 16696 33 secs
[7] sleep 700& : 16697 33 secs
[8] sleep 800& : 16698 33 secs
[9] sleep 900& : 16699 32 secs
[10] sleep 1001& : 16701 30 secs (stopped)
[12] sleep 1100 : 16705 19 secs
[13] sleep 1200 : 16706 20 secs (stopped)
[14] sleep 1200 : 16707 20 secs (stopped)
smash> sleep 1200 : 16707
smash: got ctrl-Z
smash: process 16707 was stopped
smash> [6] sleep 600& : 16696 34 secs
[7] sleep 700& : 16697 34 secs
[8] sleep 800& : 16698 34 secs
[9] sleep 900& : 16699 33 secs
[10] sleep 1001& : 16701 31 secs (stopped)
[12] sleep 1100 : 16705 20 secs
[13] sleep 1200 : 16706 21 secs (stopped)
[14] sleep 1200 : 16707 0 secs (stopped)
smash> sleep 1200 : 16707
smash: got ctrl-Z
smash: process 16707 was stopped
smash> [6] sleep 600& : 16696 34 secs
[7] sleep 700& : 16697 34 secs
[8] sleep 800& : 16698 34 secs
[9] sleep 900& : 16699 33 secs
[10] sleep 1001& : 16701 31 secs (stopped)
[12] sleep 1100 : 16705 20 secs
[13] sleep 1200 : 16706 21 secs (stopped)
[14] sleep 1200 : 16707 0 secs (stopped)
smash> sleep 1200 : 16707
smash: got ctrl-Z
smash: process 16707 was stopped
smash> [6] sleep 600& : 16696 34 secs
[7] sleep 700& : 16697 34 secs
[8] sleep 800& : 16698 34 secs
[9] sleep 900& : 16699 33 secs
[10] sleep 1001& : 16701 31 secs (stopped)
[12] sleep 1100 : 16705 20 secs
[13] sleep 1200 : 16706 21 secs (stopped)
[14] sleep 1200 : 16707 0 secs (stopped)
smash> smash> [6] sleep 600& : 16696 34 secs
[7] sleep 700& : 16697 34 secs
[8] sleep 800& : 16698 34 secs
[9] sleep 900& : 16699 33 secs
[10] sleep 1001& : 16701 31 secs (stopped)
[12] sleep 1100 : 16705 20 secs
[13] sleep 1200 : 16706 21 secs (stopped)
[14] sleep 1200 : 16707 0 secs (stopped)
[15] sleep 777& : 16709 0 secs
smash> smash: got ctrl-C
smash: process 16710 was killed
smash> smash: got ctrl-Z
smash: process 16711 was stopped
smash> sleep 888 : 16711
smash> [6] sleep 600& : 16696 35 secs
[7] sleep 700& : 16697 35 secs
[8] sleep 800& : 16698 35 secs
[9] sleep 900& : 16699 34 secs
[10] sleep 1001& : 16701 32 secs (stopped)
[12] sleep 1100 : 16705 21 secs
[13] sleep 1200 : 16706 22 secs (stopped)
[14] sleep 1200 : 16707 1 secs (stopped)
[15] sleep 777& : 16709 1 secs
[16] sleep 888 : 16711 0 secs
smash> smash> [6] sleep 600& : 16696 35 secs
[7] sleep 700& : 16697 35 secs
[8] sleep 800& : 16698 35 secs
[9] sleep 900& : 16699 34 secs
[10] sleep 1001& : 16701 32 secs (stopped)
[12] sleep 1100 : 16705 21 secs
[13] sleep 1200 : 16706 22 secs (stopped)
[14] sleep 1200 : 16707 1 secs (stopped)
[15] sleep 777& : 16709 1 secs
[16] sleep 888 : 16711 0 secs
[17] sleep 100& : 16712 0 secs
smash> smash: got ctrl-Z
smash: process 16712 was stopped
smash> I'm the real slim shady
smash> sleep 100& : 16712
smash> smash: sending SIGKILL signal to 11 jobs:
16696: sleep 600&
16697: sleep 700&
16698: sleep 800&
16699: sleep 900&
16701: sleep 1001&
16705: sleep 1100
16706: sleep 1200
16707: sleep 1200
16709: sleep 777&
16711: sleep 888
16712: sleep 100&
