smash> smash error: timeout: invalid arguments
smash> smash error: timeout: invalid arguments
smash> smash error: timeout: invalid arguments
smash> my_sleep
random1.txt
random2.txt
sub1
sub2
sub3
smash> before
smash> smash: got an alarm
after
smash> 0
Done: 2
smash> smash: got an alarm
after
smash> 0
2
smash: got an alarm
smash: timeout 3 ./my_sleep 4 timed out!
smash> smash: got ctrl-C
smash> smash> 0
[1]  ./my_sleep 4 & : 14925 0 secs
smash> 2
smash: got an alarm
smash: timeout 3 ./my_sleep 4 & timed out!
smash: got ctrl-C
smash> 0
2
smash: got ctrl-C
smash: process 14926 was killed
smash> before
smash> smash: got an alarm
after
smash> smash> smash> 0
0
2
2
4
4
6
6
8
8
Done: 10
smash: got an alarm
smash: timeout 9 ./my_sleep 20 timed out!
smash: timeout 5 ./my_sleep 10 & timed out!
smash> smash> 0
smash> 0
2
2
4
smash: got an alarm
smash: timeout 3 ./my_sleep 20& timed out!
6
8
smash: got ctrl-C
smash> 0
smash error: bg: there is no stopped jobs to resume
smash> smash: got ctrl-Z
smash error: bg: there is no stopped jobs to resume
smash> Done: 10
2
smash: got an alarm
smash: timeout 3 ./my_sleep 20& timed out!
smash: timeout 7 ./my_sleep 10& timed out!
smash> smash> 0
 ./my_sleep 20& : 14934
smash: got ctrl-Z
smash: process 14934 was stopped
smash>  ./my_sleep 20& : 14934
smash> 2
smash: got an alarm
4
[1]  ./my_sleep 20& : 14934 4 secs
smash> smash> 0
 ./my_sleep 20& : 14935
smash: got ctrl-C
smash: process 14935 was killed
smash> [1]  ./my_sleep 20& : 14934 4 secs
smash> 6
smash: got an alarm
8
smash> smash> smash> smash> [1]  ./my_sleep 20& : 14934 9 secs
[2]  sleep 100& : 14936 0 secs
[3]  sleep 200& : 14937 0 secs
[4]  sleep 300& : 14938 0 secs
[5]  sleep 400& : 14939 0 secs
smash> 10
12
14
16
smash: got an alarm
smash: timeout 7 sleep 400& timed out!
smash: timeout 5 sleep 100& timed out!
smash: timeout 2 sleep 300& timed out!
18
Done: 20
[3]  sleep 200& : 14937 11 secs
smash> smash> smash: got an alarm
smash: timeout 2 sleep 4& timed out!
smash: timeout 10 sleep 200& timed out!
smash: got ctrl-C
smash: process 14942 was killed
smash> smash> smash: got an alarm
smash: timeout 3 sleep 1& timed out!
smash: got ctrl-C
smash: process 14944 was killed
smash> smash: sending SIGKILL signal to 0 jobs:
